--------------- Clean Started: 01/10/2020 13:51:45 Project: WeatherStation, Configuration: ARM GCC 4.9-2015-q1-update Debug ---------------
Deleting file ".\CortexM0\ARM_GCC_493\Debug\main.o"
Deleting file ".\CortexM0\ARM_GCC_493\Debug\cyfitter_cfg.o"
Deleting file ".\CortexM0\ARM_GCC_493\Debug\cymetadata.o"
Deleting file ".\CortexM0\ARM_GCC_493\Debug\Cm0Start.o"
Deleting file ".\CortexM0\ARM_GCC_493\Debug\CyBootAsmGnu.o"
Deleting file ".\CortexM0\ARM_GCC_493\Debug\CyFlash.o"
Deleting file ".\CortexM0\ARM_GCC_493\Debug\CyLib.o"
Deleting file ".\CortexM0\ARM_GCC_493\Debug\cyPm.o"
Deleting file ".\CortexM0\ARM_GCC_493\Debug\cyutils.o"
Deleting file ".\CortexM0\ARM_GCC_493\Debug\CyLFClk.o"
Deleting file ".\CortexM0\ARM_GCC_493\Debug\I2C.o"
Deleting file ".\CortexM0\ARM_GCC_493\Debug\I2C_I2C_INT.o"
Deleting file ".\CortexM0\ARM_GCC_493\Debug\I2C_I2C.o"
Deleting file ".\CortexM0\ARM_GCC_493\Debug\I2C_I2C_BOOT.o"
Deleting file ".\CortexM0\ARM_GCC_493\Debug\I2C_I2C_MASTER.o"
Deleting file ".\CortexM0\ARM_GCC_493\Debug\I2C_PM.o"
Deleting file ".\CortexM0\ARM_GCC_493\Debug\I2C_BOOT.o"
Deleting file ".\CortexM0\ARM_GCC_493\Debug\UART.o"
Deleting file ".\CortexM0\ARM_GCC_493\Debug\UART_PM.o"
Deleting file ".\CortexM0\ARM_GCC_493\Debug\UART_BOOT.o"
Deleting file ".\CortexM0\ARM_GCC_493\Debug\UART_INT.o"
Deleting file ".\CortexM0\ARM_GCC_493\Debug\I2C_SCBCLK.o"
Deleting file ".\CortexM0\ARM_GCC_493\Debug\I2C_sda.o"
Deleting file ".\CortexM0\ARM_GCC_493\Debug\I2C_sda_PM.o"
Deleting file ".\CortexM0\ARM_GCC_493\Debug\I2C_scl.o"
Deleting file ".\CortexM0\ARM_GCC_493\Debug\I2C_scl_PM.o"
Deleting file ".\CortexM0\ARM_GCC_493\Debug\I2C_SCB_IRQ.o"
Deleting file ".\CortexM0\ARM_GCC_493\Debug\HUM.o"
Deleting file ".\CortexM0\ARM_GCC_493\Debug\HUM_PM.o"
Deleting file ".\CortexM0\ARM_GCC_493\Debug\Timeout.o"
Deleting file ".\CortexM0\ARM_GCC_493\Debug\Timeout_PM.o"
Deleting file ".\CortexM0\ARM_GCC_493\Debug\isr_Timeout.o"
Deleting file ".\CortexM0\ARM_GCC_493\Debug\UART_IntClock.o"
Deleting file ".\CortexM0\ARM_GCC_493\Debug\LED_R.o"
Deleting file ".\CortexM0\ARM_GCC_493\Debug\LED_R_PM.o"
Deleting file ".\CortexM0\ARM_GCC_493\Debug\LED_G.o"
Deleting file ".\CortexM0\ARM_GCC_493\Debug\LED_G_PM.o"
Deleting file ".\CortexM0\ARM_GCC_493\Debug\LED_B.o"
Deleting file ".\CortexM0\ARM_GCC_493\Debug\LED_B_PM.o"
Deleting file ".\CortexM0\ARM_GCC_493\Debug\ClockTO.o"
Deleting file ".\CortexM0\ARM_GCC_493\Debug\PinWindCE.o"
Deleting file ".\CortexM0\ARM_GCC_493\Debug\PinWindCE_PM.o"
Deleting file ".\CortexM0\ARM_GCC_493\Debug\PinWindRX.o"
Deleting file ".\CortexM0\ARM_GCC_493\Debug\PinWindRX_PM.o"
Deleting file ".\CortexM0\ARM_GCC_493\Debug\ADC.o"
Deleting file ".\CortexM0\ARM_GCC_493\Debug\ADC_PM.o"
Deleting file ".\CortexM0\ARM_GCC_493\Debug\ADC_INT.o"
Deleting file ".\CortexM0\ARM_GCC_493\Debug\Pin_Ubat.o"
Deleting file ".\CortexM0\ARM_GCC_493\Debug\Pin_Ubat_PM.o"
Deleting file ".\CortexM0\ARM_GCC_493\Debug\ADC_IRQ.o"
Deleting file ".\CortexM0\ARM_GCC_493\Debug\ADC_intClock.o"
Deleting file ".\CortexM0\ARM_GCC_493\Debug\Clock_1.o"
Deleting file ".\CortexM0\ARM_GCC_493\Debug\Pin_Rain.o"
Deleting file ".\CortexM0\ARM_GCC_493\Debug\Pin_Rain_PM.o"
Deleting file ".\CortexM0\ARM_GCC_493\Debug\isr_Rain.o"
Deleting file ".\CortexM0\ARM_GCC_493\Debug\WeatherStation.hex"
Deleting file ".\CortexM0\ARM_GCC_493\Debug\WeatherStation.elf"
Deleting file ".\CortexM0\ARM_GCC_493\Debug\WeatherStation.map"
Deleting file ".\WeatherStation.cycdx"
Deleting file ".\WeatherStation.svd"
Deleting file ".\WeatherStation.rpt"
Deleting file ".\WeatherStation_timing.html"
Deleting file ".\CortexM0\ARM_GCC_493\Debug\.deps\C_FILE.P"
Deleting file ".\CortexM0\ARM_GCC_493\Debug\.deps\ARM_C_FILE.P"
Deleting file ".\CortexM0\ARM_GCC_493\Debug\.deps\GNU_ARM_ASM_FILE.P"
--------------- Clean Succeeded: 01/10/2020 13:51:45 ---------------
